<?xml version="1.0" encoding="utf-8" standalone="no"?>
<!--This file represents the results of running a test suite-->
<test-results name="H:\Development\Nemerle\HelloWorld\HelloWorld.nunit" total="4" errors="0" failures="0" not-run="0" inconclusive="0" ignored="0" skipped="0" invalid="0" date="2011-05-27" time="14:22:17">
  <environment nunit-version="2.5.8.10295" clr-version="2.0.50727.5444" os-version="Microsoft Windows NT 6.1.7601 Service Pack 1" platform="Win32NT" cwd="H:\Development\NUnit-2.5.8.10295\bin\net-2.0" machine-name="PHIL-DESKTOP" user="Phil" user-domain="Phil-Desktop" />
  <culture-info current-culture="en-US" current-uiculture="en-US" />
  <test-suite type="Project" name="H:\Development\Nemerle\HelloWorld\HelloWorld.nunit" executed="True" result="Success" success="True" time="0.035" asserts="0">
    <results>
      <test-suite type="Assembly" name="H:\Development\Nemerle\HelloWorld\Tests\bin\Debug\Tests.dll" executed="True" result="Success" success="True" time="0.031" asserts="0">
        <results>
          <test-suite type="Namespace" name="Tests" executed="True" result="Success" success="True" time="0.029" asserts="0">
            <results>
              <test-suite type="TestFixture" name="Fixture" executed="True" result="Success" success="True" time="0.027" asserts="0">
                <results>
                  <test-case name="Tests.Fixture.ShouldPrintBuzz" executed="True" result="Success" success="True" time="0.016" asserts="1" />
                  <test-case name="Tests.Fixture.ShouldPrintFizz" executed="True" result="Success" success="True" time="0.000" asserts="1" />
                  <test-case name="Tests.Fixture.ShouldPrintFizzBuzz" executed="True" result="Success" success="True" time="0.000" asserts="1" />
                  <test-case name="Tests.Fixture.ShouldPrintRegularNumber" executed="True" result="Success" success="True" time="0.001" asserts="1" />
                </results>
              </test-suite>
            </results>
          </test-suite>
        </results>
      </test-suite>
    </results>
  </test-suite>
</test-results>